# JRE version: OpenJDK Runtime Environment (8.0_131-b12) (build 1.8.0_131-b12)
# Java VM: OpenJDK 64-Bit Server VM (25.131-b12 mixed mode linux-amd64 compressed oops)
Heap:
 PSYoungGen      total 306688K, used 120565K [0x00000000ebe00000, 0x0000000100000000, 0x0000000100000000)
  eden space 288768K, 35% used [0x00000000ebe00000,0x00000000f22cb118,0x00000000fd800000)
  from space 17920K, 96% used [0x00000000fee80000,0x00000000fff72348,0x0000000100000000)
  to   space 20480K, 0% used [0x00000000fd800000,0x00000000fd800000,0x00000000fec00000)
 ParOldGen       total 42496K, used 22209K [0x00000000c3a00000, 0x00000000c6380000, 0x00000000ebe00000)
  object space 42496K, 52% used [0x00000000c3a00000,0x00000000c4fb06e8,0x00000000c6380000)
 Metaspace       used 20708K, capacity 20928K, committed 21120K, reserved 1067008K
  class space    used 2557K, capacity 2640K, committed 2688K, reserved 1048576K
GC Heap History (10 events):
Event: 2,152 GC heap before
{Heap before GC invocations=8 (full 0):
 PSYoungGen      total 69120K, used 69104K [0x00000000ebe00000, 0x00000000f4900000, 0x0000000100000000)
  eden space 63488K, 100% used [0x00000000ebe00000,0x00000000efc00000,0x00000000efc00000)
  from space 5632K, 99% used [0x00000000efc00000,0x00000000f017c010,0x00000000f0180000)
  to   space 7680K, 0% used [0x00000000f4180000,0x00000000f4180000,0x00000000f4900000)
 ParOldGen       total 42496K, used 7504K [0x00000000c3a00000, 0x00000000c6380000, 0x00000000ebe00000)
  object space 42496K, 17% used [0x00000000c3a00000,0x00000000c4154238,0x00000000c6380000)
 Metaspace       used 13933K, capacity 14256K, committed 14464K, reserved 1062912K
  class space    used 1796K, capacity 1896K, committed 1920K, reserved 1048576K
Event: 2,159 GC heap after
Heap after GC invocations=8 (full 0):
 PSYoungGen      total 134144K, used 6700K [0x00000000ebe00000, 0x00000000f4a00000, 0x0000000100000000)
  eden space 126464K, 0% used [0x00000000ebe00000,0x00000000ebe00000,0x00000000f3980000)
  from space 7680K, 87% used [0x00000000f4180000,0x00000000f480b318,0x00000000f4900000)
  to   space 8192K, 0% used [0x00000000f3980000,0x00000000f3980000,0x00000000f4180000)
 ParOldGen       total 42496K, used 8065K [0x00000000c3a00000, 0x00000000c6380000, 0x00000000ebe00000)
  object space 42496K, 18% used [0x00000000c3a00000,0x00000000c41e0440,0x00000000c6380000)
 Metaspace       used 13933K, capacity 14256K, committed 14464K, reserved 1062912K
  class space    used 1796K, capacity 1896K, committed 1920K, reserved 1048576K
}
Event: 2,553 GC heap before
{Heap before GC invocations=9 (full 0):
 PSYoungGen      total 134144K, used 133164K [0x00000000ebe00000, 0x00000000f4a00000, 0x0000000100000000)
  eden space 126464K, 100% used [0x00000000ebe00000,0x00000000f3980000,0x00000000f3980000)
  from space 7680K, 87% used [0x00000000f4180000,0x00000000f480b318,0x00000000f4900000)
  to   space 8192K, 0% used [0x00000000f3980000,0x00000000f3980000,0x00000000f4180000)
 ParOldGen       total 42496K, used 8065K [0x00000000c3a00000, 0x00000000c6380000, 0x00000000ebe00000)
  object space 42496K, 18% used [0x00000000c3a00000,0x00000000c41e0440,0x00000000c6380000)
 Metaspace       used 14064K, capacity 14320K, committed 14464K, reserved 1062912K
  class space    used 1797K, capacity 1896K, committed 1920K, reserved 1048576K
Event: 2,563 GC heap after
Heap after GC invocations=9 (full 0):
 PSYoungGen      total 134656K, used 8192K [0x00000000ebe00000, 0x00000000f9900000, 0x0000000100000000)
  eden space 126464K, 0% used [0x00000000ebe00000,0x00000000ebe00000,0x00000000f3980000)
  from space 8192K, 100% used [0x00000000f3980000,0x00000000f4180000,0x00000000f4180000)
  to   space 10752K, 0% used [0x00000000f8e80000,0x00000000f8e80000,0x00000000f9900000)
 ParOldGen       total 42496K, used 12169K [0x00000000c3a00000, 0x00000000c6380000, 0x00000000ebe00000)
  object space 42496K, 28% used [0x00000000c3a00000,0x00000000c45e2460,0x00000000c6380000)
 Metaspace       used 14064K, capacity 14320K, committed 14464K, reserved 1062912K
  class space    used 1797K, capacity 1896K, committed 1920K, reserved 1048576K
}
Event: 3,236 GC heap before
{Heap before GC invocations=10 (full 0):
 PSYoungGen      total 134656K, used 134656K [0x00000000ebe00000, 0x00000000f9900000, 0x0000000100000000)
  eden space 126464K, 100% used [0x00000000ebe00000,0x00000000f3980000,0x00000000f3980000)
  from space 8192K, 100% used [0x00000000f3980000,0x00000000f4180000,0x00000000f4180000)
  to   space 10752K, 0% used [0x00000000f8e80000,0x00000000f8e80000,0x00000000f9900000)
 ParOldGen       total 42496K, used 12169K [0x00000000c3a00000, 0x00000000c6380000, 0x00000000ebe00000)
  object space 42496K, 28% used [0x00000000c3a00000,0x00000000c45e2460,0x00000000c6380000)
 Metaspace       used 17112K, capacity 17416K, committed 17536K, reserved 1064960K
  class space    used 2043K, capacity 2156K, committed 2176K, reserved 1048576K
Event: 3,249 GC heap after
Heap after GC invocations=10 (full 0):
 PSYoungGen      total 210944K, used 10731K [0x00000000ebe00000, 0x00000000f9e00000, 0x0000000100000000)
  eden space 200192K, 0% used [0x00000000ebe00000,0x00000000ebe00000,0x00000000f8180000)
  from space 10752K, 99% used [0x00000000f8e80000,0x00000000f98faef8,0x00000000f9900000)
  to   space 13312K, 0% used [0x00000000f8180000,0x00000000f8180000,0x00000000f8e80000)
 ParOldGen       total 42496K, used 14733K [0x00000000c3a00000, 0x00000000c6380000, 0x00000000ebe00000)
  object space 42496K, 34% used [0x00000000c3a00000,0x00000000c48636f8,0x00000000c6380000)
 Metaspace       used 17112K, capacity 17416K, committed 17536K, reserved 1064960K
  class space    used 2043K, capacity 2156K, committed 2176K, reserved 1048576K
}
Event: 3,874 GC heap before
{Heap before GC invocations=11 (full 0):
 PSYoungGen      total 210944K, used 210923K [0x00000000ebe00000, 0x00000000f9e00000, 0x0000000100000000)
  eden space 200192K, 100% used [0x00000000ebe00000,0x00000000f8180000,0x00000000f8180000)
  from space 10752K, 99% used [0x00000000f8e80000,0x00000000f98faef8,0x00000000f9900000)
  to   space 13312K, 0% used [0x00000000f8180000,0x00000000f8180000,0x00000000f8e80000)
 ParOldGen       total 42496K, used 14733K [0x00000000c3a00000, 0x00000000c6380000, 0x00000000ebe00000)
  object space 42496K, 34% used [0x00000000c3a00000,0x00000000c48636f8,0x00000000c6380000)
 Metaspace       used 17280K, capacity 17544K, committed 17792K, reserved 1064960K
  class space    used 2054K, capacity 2156K, committed 2176K, reserved 1048576K
Event: 3,892 GC heap after
Heap after GC invocations=11 (full 0):
 PSYoungGen      total 213504K, used 13312K [0x00000000ebe00000, 0x0000000100000000, 0x0000000100000000)
  eden space 200192K, 0% used [0x00000000ebe00000,0x00000000ebe00000,0x00000000f8180000)
  from space 13312K, 100% used [0x00000000f8180000,0x00000000f8e80000,0x00000000f8e80000)
  to   space 17920K, 0% used [0x00000000fee80000,0x00000000fee80000,0x0000000100000000)
 ParOldGen       total 42496K, used 22017K [0x00000000c3a00000, 0x00000000c6380000, 0x00000000ebe00000)
  object space 42496K, 51% used [0x00000000c3a00000,0x00000000c4f806e8,0x00000000c6380000)
 Metaspace       used 17280K, capacity 17544K, committed 17792K, reserved 1064960K
  class space    used 2054K, capacity 2156K, committed 2176K, reserved 1048576K
}
Event: 9,536 GC heap before
{Heap before GC invocations=12 (full 0):
 PSYoungGen      total 213504K, used 213504K [0x00000000ebe00000, 0x0000000100000000, 0x0000000100000000)
  eden space 200192K, 100% used [0x00000000ebe00000,0x00000000f8180000,0x00000000f8180000)
  from space 13312K, 100% used [0x00000000f8180000,0x00000000f8e80000,0x00000000f8e80000)
  to   space 17920K, 0% used [0x00000000fee80000,0x00000000fee80000,0x0000000100000000)
 ParOldGen       total 42496K, used 22017K [0x00000000c3a00000, 0x00000000c6380000, 0x00000000ebe00000)
  object space 42496K, 51% used [0x00000000c3a00000,0x00000000c4f806e8,0x00000000c6380000)
 Metaspace       used 19113K, capacity 19386K, committed 19584K, reserved 1067008K
  class space    used 2306K, capacity 2383K, committed 2432K, reserved 1048576K
Event: 9,550 GC heap after
Heap after GC invocations=12 (full 0):
 PSYoungGen      total 306688K, used 17352K [0x00000000ebe00000, 0x0000000100000000, 0x0000000100000000)
  eden space 288768K, 0% used [0x00000000ebe00000,0x00000000ebe00000,0x00000000fd800000)
  from space 17920K, 96% used [0x00000000fee80000,0x00000000fff72348,0x0000000100000000)
  to   space 20480K, 0% used [0x00000000fd800000,0x00000000fd800000,0x00000000fec00000)
 ParOldGen       total 42496K, used 22209K [0x00000000c3a00000, 0x00000000c6380000, 0x00000000ebe00000)
  object space 42496K, 52% used [0x00000000c3a00000,0x00000000c4fb06e8,0x00000000c6380000)
 Metaspace       used 19113K, capacity 19386K, committed 19584K, reserved 1067008K
  class space    used 2306K, capacity 2383K, committed 2432K, reserved 1048576K
}

