# JRE version: OpenJDK Runtime Environment (8.0_131-b12) (build 1.8.0_131-b12)
# Java VM: OpenJDK 64-Bit Server VM (25.131-b12 mixed mode linux-amd64 compressed oops)
Heap:
 PSYoungGen      total 306688K, used 120403K [0x00000000ebe00000, 0x0000000100000000, 0x0000000100000000)
  eden space 288768K, 35% used [0x00000000ebe00000,0x00000000f22ca8e8,0x00000000fd800000)
  from space 17920K, 95% used [0x00000000fee80000,0x00000000fff4a348,0x0000000100000000)
  to   space 20480K, 0% used [0x00000000fd800000,0x00000000fd800000,0x00000000fec00000)
 ParOldGen       total 42496K, used 22636K [0x00000000c3a00000, 0x00000000c6380000, 0x00000000ebe00000)
  object space 42496K, 53% used [0x00000000c3a00000,0x00000000c501b0a0,0x00000000c6380000)
 Metaspace       used 20783K, capacity 21048K, committed 21296K, reserved 1069056K
  class space    used 2567K, capacity 2640K, committed 2688K, reserved 1048576K
GC Heap History (10 events):
Event: 1,980 GC heap before
{Heap before GC invocations=8 (full 0):
 PSYoungGen      total 69120K, used 69114K [0x00000000ebe00000, 0x00000000f4900000, 0x0000000100000000)
  eden space 63488K, 100% used [0x00000000ebe00000,0x00000000efc00000,0x00000000efc00000)
  from space 5632K, 99% used [0x00000000efc00000,0x00000000f017e810,0x00000000f0180000)
  to   space 7680K, 0% used [0x00000000f4180000,0x00000000f4180000,0x00000000f4900000)
 ParOldGen       total 42496K, used 7639K [0x00000000c3a00000, 0x00000000c6380000, 0x00000000ebe00000)
  object space 42496K, 17% used [0x00000000c3a00000,0x00000000c4175e58,0x00000000c6380000)
 Metaspace       used 13932K, capacity 14248K, committed 14464K, reserved 1062912K
  class space    used 1796K, capacity 1896K, committed 1920K, reserved 1048576K
Event: 1,991 GC heap after
Heap after GC invocations=8 (full 0):
 PSYoungGen      total 134144K, used 6697K [0x00000000ebe00000, 0x00000000f4a00000, 0x0000000100000000)
  eden space 126464K, 0% used [0x00000000ebe00000,0x00000000ebe00000,0x00000000f3980000)
  from space 7680K, 87% used [0x00000000f4180000,0x00000000f480a780,0x00000000f4900000)
  to   space 8192K, 0% used [0x00000000f3980000,0x00000000f3980000,0x00000000f4180000)
 ParOldGen       total 42496K, used 8200K [0x00000000c3a00000, 0x00000000c6380000, 0x00000000ebe00000)
  object space 42496K, 19% used [0x00000000c3a00000,0x00000000c4202060,0x00000000c6380000)
 Metaspace       used 13932K, capacity 14248K, committed 14464K, reserved 1062912K
  class space    used 1796K, capacity 1896K, committed 1920K, reserved 1048576K
}
Event: 2,404 GC heap before
{Heap before GC invocations=9 (full 0):
 PSYoungGen      total 134144K, used 133161K [0x00000000ebe00000, 0x00000000f4a00000, 0x0000000100000000)
  eden space 126464K, 100% used [0x00000000ebe00000,0x00000000f3980000,0x00000000f3980000)
  from space 7680K, 87% used [0x00000000f4180000,0x00000000f480a780,0x00000000f4900000)
  to   space 8192K, 0% used [0x00000000f3980000,0x00000000f3980000,0x00000000f4180000)
 ParOldGen       total 42496K, used 8200K [0x00000000c3a00000, 0x00000000c6380000, 0x00000000ebe00000)
  object space 42496K, 19% used [0x00000000c3a00000,0x00000000c4202060,0x00000000c6380000)
 Metaspace       used 14081K, capacity 14312K, committed 14464K, reserved 1062912K
  class space    used 1797K, capacity 1896K, committed 1920K, reserved 1048576K
Event: 2,419 GC heap after
Heap after GC invocations=9 (full 0):
 PSYoungGen      total 134656K, used 8192K [0x00000000ebe00000, 0x00000000f9900000, 0x0000000100000000)
  eden space 126464K, 0% used [0x00000000ebe00000,0x00000000ebe00000,0x00000000f3980000)
  from space 8192K, 100% used [0x00000000f3980000,0x00000000f4180000,0x00000000f4180000)
  to   space 10752K, 0% used [0x00000000f8e80000,0x00000000f8e80000,0x00000000f9900000)
 ParOldGen       total 42496K, used 12320K [0x00000000c3a00000, 0x00000000c6380000, 0x00000000ebe00000)
  object space 42496K, 28% used [0x00000000c3a00000,0x00000000c4608080,0x00000000c6380000)
 Metaspace       used 14081K, capacity 14312K, committed 14464K, reserved 1062912K
  class space    used 1797K, capacity 1896K, committed 1920K, reserved 1048576K
}
Event: 3,121 GC heap before
{Heap before GC invocations=10 (full 0):
 PSYoungGen      total 134656K, used 134656K [0x00000000ebe00000, 0x00000000f9900000, 0x0000000100000000)
  eden space 126464K, 100% used [0x00000000ebe00000,0x00000000f3980000,0x00000000f3980000)
  from space 8192K, 100% used [0x00000000f3980000,0x00000000f4180000,0x00000000f4180000)
  to   space 10752K, 0% used [0x00000000f8e80000,0x00000000f8e80000,0x00000000f9900000)
 ParOldGen       total 42496K, used 12320K [0x00000000c3a00000, 0x00000000c6380000, 0x00000000ebe00000)
  object space 42496K, 28% used [0x00000000c3a00000,0x00000000c4608080,0x00000000c6380000)
 Metaspace       used 17121K, capacity 17408K, committed 17536K, reserved 1064960K
  class space    used 2043K, capacity 2156K, committed 2176K, reserved 1048576K
Event: 3,133 GC heap after
Heap after GC invocations=10 (full 0):
 PSYoungGen      total 210944K, used 10723K [0x00000000ebe00000, 0x00000000f9e00000, 0x0000000100000000)
  eden space 200192K, 0% used [0x00000000ebe00000,0x00000000ebe00000,0x00000000f8180000)
  from space 10752K, 99% used [0x00000000f8e80000,0x00000000f98f8ea0,0x00000000f9900000)
  to   space 13312K, 0% used [0x00000000f8180000,0x00000000f8180000,0x00000000f8e80000)
 ParOldGen       total 42496K, used 14920K [0x00000000c3a00000, 0x00000000c6380000, 0x00000000ebe00000)
  object space 42496K, 35% used [0x00000000c3a00000,0x00000000c4892090,0x00000000c6380000)
 Metaspace       used 17121K, capacity 17408K, committed 17536K, reserved 1064960K
  class space    used 2043K, capacity 2156K, committed 2176K, reserved 1048576K
}
Event: 3,864 GC heap before
{Heap before GC invocations=11 (full 0):
 PSYoungGen      total 210944K, used 210915K [0x00000000ebe00000, 0x00000000f9e00000, 0x0000000100000000)
  eden space 200192K, 100% used [0x00000000ebe00000,0x00000000f8180000,0x00000000f8180000)
  from space 10752K, 99% used [0x00000000f8e80000,0x00000000f98f8ea0,0x00000000f9900000)
  to   space 13312K, 0% used [0x00000000f8180000,0x00000000f8180000,0x00000000f8e80000)
 ParOldGen       total 42496K, used 14920K [0x00000000c3a00000, 0x00000000c6380000, 0x00000000ebe00000)
  object space 42496K, 35% used [0x00000000c3a00000,0x00000000c4892090,0x00000000c6380000)
 Metaspace       used 17308K, capacity 17536K, committed 17792K, reserved 1064960K
  class space    used 2056K, capacity 2156K, committed 2176K, reserved 1048576K
Event: 3,882 GC heap after
Heap after GC invocations=11 (full 0):
 PSYoungGen      total 213504K, used 13312K [0x00000000ebe00000, 0x0000000100000000, 0x0000000100000000)
  eden space 200192K, 0% used [0x00000000ebe00000,0x00000000ebe00000,0x00000000f8180000)
  from space 13312K, 100% used [0x00000000f8180000,0x00000000f8e80000,0x00000000f8e80000)
  to   space 17920K, 0% used [0x00000000fee80000,0x00000000fee80000,0x0000000100000000)
 ParOldGen       total 42496K, used 22424K [0x00000000c3a00000, 0x00000000c6380000, 0x00000000ebe00000)
  object space 42496K, 52% used [0x00000000c3a00000,0x00000000c4fe6090,0x00000000c6380000)
 Metaspace       used 17308K, capacity 17536K, committed 17792K, reserved 1064960K
  class space    used 2056K, capacity 2156K, committed 2176K, reserved 1048576K
}
Event: 8,079 GC heap before
{Heap before GC invocations=12 (full 0):
 PSYoungGen      total 213504K, used 213504K [0x00000000ebe00000, 0x0000000100000000, 0x0000000100000000)
  eden space 200192K, 100% used [0x00000000ebe00000,0x00000000f8180000,0x00000000f8180000)
  from space 13312K, 100% used [0x00000000f8180000,0x00000000f8e80000,0x00000000f8e80000)
  to   space 17920K, 0% used [0x00000000fee80000,0x00000000fee80000,0x0000000100000000)
 ParOldGen       total 42496K, used 22424K [0x00000000c3a00000, 0x00000000c6380000, 0x00000000ebe00000)
  object space 42496K, 52% used [0x00000000c3a00000,0x00000000c4fe6090,0x00000000c6380000)
 Metaspace       used 19116K, capacity 19378K, committed 19584K, reserved 1067008K
  class space    used 2306K, capacity 2383K, committed 2432K, reserved 1048576K
Event: 8,094 GC heap after
Heap after GC invocations=12 (full 0):
 PSYoungGen      total 306688K, used 17192K [0x00000000ebe00000, 0x0000000100000000, 0x0000000100000000)
  eden space 288768K, 0% used [0x00000000ebe00000,0x00000000ebe00000,0x00000000fd800000)
  from space 17920K, 95% used [0x00000000fee80000,0x00000000fff4a348,0x0000000100000000)
  to   space 20480K, 0% used [0x00000000fd800000,0x00000000fd800000,0x00000000fec00000)
 ParOldGen       total 42496K, used 22636K [0x00000000c3a00000, 0x00000000c6380000, 0x00000000ebe00000)
  object space 42496K, 53% used [0x00000000c3a00000,0x00000000c501b0a0,0x00000000c6380000)
 Metaspace       used 19116K, capacity 19378K, committed 19584K, reserved 1067008K
  class space    used 2306K, capacity 2383K, committed 2432K, reserved 1048576K
}

